<?xml version="1.0" encoding="UTF-8"?>
<!-- Generated by org.testng.reporters.JUnitReportReporter -->
<testsuite hostname="DESKTOP-6V89OAJ" failures="0" tests="1" name="Test.GoogleSearchTest1" time="6.089" errors="0" timestamp="2023-06-09T14:36:51 IST" skipped="0">
  <testcase classname="Test.GoogleSearchTest1" name="GoogleSearchFunctonality" time="6.089"/>
  <system-out/>
</testsuite> <!-- Test.GoogleSearchTest1 -->
