<?xml version="1.0" encoding="UTF-8"?>
<!-- Generated by org.testng.reporters.JUnitReportReporter -->
<testsuite hostname="DESKTOP-6V89OAJ" failures="0" tests="1" name="Test.GoogleSearchTest2" time="0.963" errors="0" timestamp="2023-06-08T17:00:07 IST" skipped="0">
  <testcase classname="Test.GoogleSearchTest2" name="GoogleSearchFunctonality" time="0.963"/>
  <system-out/>
</testsuite> <!-- Test.GoogleSearchTest2 -->
