<?xml version="1.0" encoding="UTF-8"?>
<!-- Generated by org.testng.reporters.JUnitReportReporter -->
<testsuite hostname="DESKTOP-6V89OAJ" failures="0" tests="1" name="Test.EbayOrder" time="55.432" errors="0" timestamp="2023-06-11T18:06:51 IST" skipped="0">
  <testcase classname="Test.EbayOrder" name="GoogleSearchFunctonality" time="55.432"/>
  <system-out/>
</testsuite> <!-- Test.EbayOrder -->
