<?xml version="1.0" encoding="UTF-8"?>
<!-- Generated by org.testng.reporters.JUnitReportReporter -->
<testsuite hostname="DESKTOP-6V89OAJ" failures="0" tests="1" name="Test.GoogleSearchPageOriginalTestTestNG" time="46.197" errors="0" timestamp="2023-06-09T15:07:49 IST" skipped="0">
  <testcase classname="Test.GoogleSearchPageOriginalTestTestNG" name="googleSearchTest" time="46.197"/>
  <system-out/>
</testsuite> <!-- Test.GoogleSearchPageOriginalTestTestNG -->
